  CameraControl.cpp
  camset.cpp
D:\Share\Office\Freelance\CameraControl\CameraControl\camset.cpp(196,67): warning C4101: 'ia': unreferenced local variable
D:\Share\Office\Freelance\CameraControl\CameraControl\camset.cpp(198,63): warning C4101: 'oor': unreferenced local variable
D:\Share\Office\Freelance\CameraControl\CameraControl\camset.cpp(295,48): warning C4267: 'argument': conversion from 'size_t' to '_Ty', possible loss of data
          with
          [
              _Ty=uint32_t
          ]
D:\Share\Office\Freelance\CameraControl\CameraControl\camset.cpp(468,48): warning C4267: 'argument': conversion from 'size_t' to '_Ty', possible loss of data
          with
          [
              _Ty=uint32_t
          ]
D:\Share\Office\Freelance\CameraControl\CameraControl\camset.cpp(712,56): warning C4267: 'argument': conversion from 'size_t' to '_Ty', possible loss of data
          with
          [
              _Ty=uint32_t
          ]
D:\Share\Office\Freelance\CameraControl\CameraControl\camset.cpp(714,56): warning C4267: 'argument': conversion from 'size_t' to '_Ty', possible loss of data
          with
          [
              _Ty=uint32_t
          ]
  loginfo.cpp
  Generating code
  214 of 218 functions (98.2%) were compiled, the rest were copied from previous compilation.
    4 functions were new in current compilation
    1 functions had inline decision re-evaluated but remain unchanged
  Finished generating code
  CameraControl.vcxproj -> D:\Share\Office\Freelance\CameraControl\x64\Release\CameraControl.exe
